2019/03/12 23:21:39 [INFO] Terraform version: 0.11.13  
2019/03/12 23:21:39 [INFO] Go runtime version: go1.11.5
2019/03/12 23:21:39 [INFO] CLI args: []string{"/usr/local/bin/terraform", "import", "xenorchestra_vm.testing", "77c6637c-fa3d-0a46-717e-296208c40169"}
2019/03/12 23:21:39 [DEBUG] Attempting to open CLI config file: /home/ddelnano/.terraformrc
2019/03/12 23:21:39 [DEBUG] File doesn't exist, but doesn't need to. Ignoring.
2019/03/12 23:21:39 [INFO] CLI command args: []string{"import", "xenorchestra_vm.testing", "77c6637c-fa3d-0a46-717e-296208c40169"}
2019/03/12 23:21:39 [INFO] command: empty terraform config, returning nil
2019/03/12 23:21:39 [DEBUG] command: no data state file found for backend config
2019/03/12 23:21:39 [DEBUG] New state was assigned lineage "85fa0428-c265-0fd0-22cb-9892b23fae82"
2019/03/12 23:21:39 [INFO] command: backend initialized: <nil>
2019/03/12 23:21:39 [DEBUG] checking for provider in "."
2019/03/12 23:21:39 [WARN] found legacy provider "terraform-provider-xenorchestra"
2019/03/12 23:21:39 [DEBUG] checking for provider in "/usr/local/bin"
2019/03/12 23:21:39 [DEBUG] checking for provider in ".terraform/plugins/linux_amd64"
2019/03/12 23:21:39 [DEBUG] found valid plugin: "xenorchestra", "0.0.0", "/home/ddelnano/code/terraform-provider-xenorchestra/terraform-provider-xenorchestra"
2019/03/12 23:21:39 [DEBUG] checking for provisioner in "."
2019/03/12 23:21:39 [DEBUG] checking for provisioner in "/usr/local/bin"
2019/03/12 23:21:39 [DEBUG] checking for provisioner in ".terraform/plugins/linux_amd64"
2019/03/12 23:21:39 [INFO] command: backend <nil> is not enhanced, wrapping in local
2019/03/12 23:21:39 [DEBUG] New state was assigned lineage "1d4985ee-463f-9b76-87b8-fd7d94d48098"
2019/03/12 23:21:39 [TRACE] ConfigTransformer: Starting for path: []
2019/03/12 23:21:39 [TRACE] Graph after step *terraform.ConfigTransformer:

xenorchestra_vm.testing - *terraform.NodeAbstractResource
2019/03/12 23:21:39 [TRACE] Graph after step *terraform.ImportStateTransformer:

xenorchestra_vm.testing - *terraform.NodeAbstractResource
xenorchestra_vm.testing (import id: 77c6637c-fa3d-0a46-717e-296208c40169) - *terraform.graphNodeImportState
2019/03/12 23:21:39 [TRACE] ProviderConfigTransformer: Starting for path: []
2019/03/12 23:21:39 [TRACE] Attach provider request: []string{} xenorchestra
2019/03/12 23:21:39 [TRACE] Attaching provider config: *config.ProviderConfig{Name:"xenorchestra", Alias:"", Version:"", RawConfig:(*config.RawConfig)(0xc00039f500)}
2019/03/12 23:21:39 [TRACE] Graph after step *terraform.ProviderConfigTransformer:

provider.xenorchestra - *terraform.NodeApplyableProvider
xenorchestra_vm.testing - *terraform.NodeAbstractResource
xenorchestra_vm.testing (import id: 77c6637c-fa3d-0a46-717e-296208c40169) - *terraform.graphNodeImportState
2019/03/12 23:21:39 [TRACE] Graph after step *terraform.MissingProviderTransformer:

provider.xenorchestra - *terraform.NodeApplyableProvider
xenorchestra_vm.testing - *terraform.NodeAbstractResource
xenorchestra_vm.testing (import id: 77c6637c-fa3d-0a46-717e-296208c40169) - *terraform.graphNodeImportState
2019/03/12 23:21:39 [DEBUG] resource xenorchestra_vm.testing using provider provider.xenorchestra
2019/03/12 23:21:39 [DEBUG] resource xenorchestra_vm.testing (import id: 77c6637c-fa3d-0a46-717e-296208c40169) using provider provider.xenorchestra
2019/03/12 23:21:39 [TRACE] Graph after step *terraform.ProviderTransformer:

provider.xenorchestra - *terraform.NodeApplyableProvider
xenorchestra_vm.testing - *terraform.NodeAbstractResource
  provider.xenorchestra - *terraform.NodeApplyableProvider
xenorchestra_vm.testing (import id: 77c6637c-fa3d-0a46-717e-296208c40169) - *terraform.graphNodeImportState
  provider.xenorchestra - *terraform.NodeApplyableProvider
2019/03/12 23:21:39 [TRACE] Graph after step *terraform.PruneProviderTransformer:

provider.xenorchestra - *terraform.NodeApplyableProvider
xenorchestra_vm.testing - *terraform.NodeAbstractResource
  provider.xenorchestra - *terraform.NodeApplyableProvider
xenorchestra_vm.testing (import id: 77c6637c-fa3d-0a46-717e-296208c40169) - *terraform.graphNodeImportState
  provider.xenorchestra - *terraform.NodeApplyableProvider
2019/03/12 23:21:39 [TRACE] Graph after step *terraform.ParentProviderTransformer:

provider.xenorchestra - *terraform.NodeApplyableProvider
xenorchestra_vm.testing - *terraform.NodeAbstractResource
  provider.xenorchestra - *terraform.NodeApplyableProvider
xenorchestra_vm.testing (import id: 77c6637c-fa3d-0a46-717e-296208c40169) - *terraform.graphNodeImportState
  provider.xenorchestra - *terraform.NodeApplyableProvider
2019/03/12 23:21:39 [TRACE] Graph after step *terraform.graphTransformerMulti:

provider.xenorchestra - *terraform.NodeApplyableProvider
xenorchestra_vm.testing - *terraform.NodeAbstractResource
  provider.xenorchestra - *terraform.NodeApplyableProvider
xenorchestra_vm.testing (import id: 77c6637c-fa3d-0a46-717e-296208c40169) - *terraform.graphNodeImportState
  provider.xenorchestra - *terraform.NodeApplyableProvider
2019/03/12 23:21:39 [TRACE] Graph after step *terraform.ImportProviderValidateTransformer:

provider.xenorchestra - *terraform.NodeApplyableProvider
xenorchestra_vm.testing - *terraform.NodeAbstractResource
  provider.xenorchestra - *terraform.NodeApplyableProvider
xenorchestra_vm.testing (import id: 77c6637c-fa3d-0a46-717e-296208c40169) - *terraform.graphNodeImportState
  provider.xenorchestra - *terraform.NodeApplyableProvider
2019/03/12 23:21:39 [TRACE] Graph after step *terraform.CloseProviderTransformer:

provider.xenorchestra - *terraform.NodeApplyableProvider
provider.xenorchestra (close) - *terraform.graphNodeCloseProvider
  provider.xenorchestra - *terraform.NodeApplyableProvider
  xenorchestra_vm.testing - *terraform.NodeAbstractResource
  xenorchestra_vm.testing (import id: 77c6637c-fa3d-0a46-717e-296208c40169) - *terraform.graphNodeImportState
xenorchestra_vm.testing - *terraform.NodeAbstractResource
  provider.xenorchestra - *terraform.NodeApplyableProvider
xenorchestra_vm.testing (import id: 77c6637c-fa3d-0a46-717e-296208c40169) - *terraform.graphNodeImportState
  provider.xenorchestra - *terraform.NodeApplyableProvider
2019/03/12 23:21:39 [TRACE] Graph after step *terraform.RootTransformer:

provider.xenorchestra - *terraform.NodeApplyableProvider
provider.xenorchestra (close) - *terraform.graphNodeCloseProvider
  provider.xenorchestra - *terraform.NodeApplyableProvider
  xenorchestra_vm.testing - *terraform.NodeAbstractResource
  xenorchestra_vm.testing (import id: 77c6637c-fa3d-0a46-717e-296208c40169) - *terraform.graphNodeImportState
xenorchestra_vm.testing - *terraform.NodeAbstractResource
  provider.xenorchestra - *terraform.NodeApplyableProvider
xenorchestra_vm.testing (import id: 77c6637c-fa3d-0a46-717e-296208c40169) - *terraform.graphNodeImportState
  provider.xenorchestra - *terraform.NodeApplyableProvider
2019/03/12 23:21:39 [TRACE] Graph after step *terraform.TransitiveReductionTransformer:

provider.xenorchestra - *terraform.NodeApplyableProvider
provider.xenorchestra (close) - *terraform.graphNodeCloseProvider
  xenorchestra_vm.testing - *terraform.NodeAbstractResource
  xenorchestra_vm.testing (import id: 77c6637c-fa3d-0a46-717e-296208c40169) - *terraform.graphNodeImportState
xenorchestra_vm.testing - *terraform.NodeAbstractResource
  provider.xenorchestra - *terraform.NodeApplyableProvider
xenorchestra_vm.testing (import id: 77c6637c-fa3d-0a46-717e-296208c40169) - *terraform.graphNodeImportState
  provider.xenorchestra - *terraform.NodeApplyableProvider
2019/03/12 23:21:39 [DEBUG] Starting graph walk: walkImport
2019/03/12 23:21:39 [TRACE] dag/walk: added new vertex: "xenorchestra_vm.testing"
2019/03/12 23:21:39 [TRACE] dag/walk: added new vertex: "xenorchestra_vm.testing (import id: 77c6637c-fa3d-0a46-717e-296208c40169)"
2019/03/12 23:21:39 [TRACE] dag/walk: added new vertex: "provider.xenorchestra"
2019/03/12 23:21:39 [TRACE] dag/walk: added new vertex: "provider.xenorchestra (close)"
2019/03/12 23:21:39 [TRACE] dag/walk: added edge: "xenorchestra_vm.testing" waiting on "provider.xenorchestra"
2019/03/12 23:21:39 [TRACE] dag/walk: added edge: "xenorchestra_vm.testing (import id: 77c6637c-fa3d-0a46-717e-296208c40169)" waiting on "provider.xenorchestra"
2019/03/12 23:21:39 [TRACE] dag/walk: added edge: "provider.xenorchestra (close)" waiting on "xenorchestra_vm.testing"
2019/03/12 23:21:39 [TRACE] dag/walk: added edge: "provider.xenorchestra (close)" waiting on "xenorchestra_vm.testing (import id: 77c6637c-fa3d-0a46-717e-296208c40169)"
2019/03/12 23:21:39 [TRACE] dag/walk: dependencies changed for "xenorchestra_vm.testing", sending new deps
2019/03/12 23:21:39 [TRACE] dag/walk: dependencies changed for "xenorchestra_vm.testing (import id: 77c6637c-fa3d-0a46-717e-296208c40169)", sending new deps
2019/03/12 23:21:39 [TRACE] dag/walk: dependencies changed for "provider.xenorchestra (close)", sending new deps
2019/03/12 23:21:39 [TRACE] dag/walk: walking "provider.xenorchestra"
2019/03/12 23:21:39 [TRACE] vertex 'root.provider.xenorchestra': walking
2019/03/12 23:21:39 [TRACE] vertex 'root.provider.xenorchestra': evaluating
2019/03/12 23:21:39 [TRACE] [walkImport] Entering eval tree: provider.xenorchestra
2019/03/12 23:21:39 [TRACE] root: eval: *terraform.EvalSequence
2019/03/12 23:21:39 [TRACE] root: eval: *terraform.EvalInitProvider
2019-03-12T23:21:39.569-0700 [DEBUG] plugin: starting plugin: path=/home/ddelnano/code/terraform-provider-xenorchestra/terraform-provider-xenorchestra args=[/home/ddelnano/code/terraform-provider-xenorchestra/terraform-provider-xenorchestra]
2019-03-12T23:21:39.570-0700 [DEBUG] plugin: waiting for RPC address: path=/home/ddelnano/code/terraform-provider-xenorchestra/terraform-provider-xenorchestra
2019-03-12T23:21:39.576-0700 [DEBUG] plugin.terraform-provider-xenorchestra: plugin address: timestamp=2019-03-12T23:21:39.576-0700 address=/tmp/plugin236751092 network=unix
2019/03/12 23:21:39 [TRACE] root: eval: *terraform.EvalOpFilter
2019/03/12 23:21:39 [TRACE] root: eval: *terraform.EvalSequence
2019/03/12 23:21:39 [TRACE] root: eval: *terraform.EvalGetProvider
2019/03/12 23:21:39 [TRACE] root: eval: *terraform.EvalInterpolateProvider
2019/03/12 23:21:39 [TRACE] root: eval: *terraform.EvalBuildProviderConfig
2019/03/12 23:21:39 [TRACE] root: eval: *terraform.EvalInputProvider
2019/03/12 23:21:39 [TRACE] root: eval: terraform.EvalNoop
2019/03/12 23:21:39 [TRACE] root: eval: *terraform.EvalOpFilter
2019/03/12 23:21:39 [TRACE] root: eval: *terraform.EvalSequence
2019/03/12 23:21:39 [TRACE] root: eval: *terraform.EvalGetProvider
2019/03/12 23:21:39 [TRACE] root: eval: *terraform.EvalInterpolateProvider
2019/03/12 23:21:39 [TRACE] root: eval: *terraform.EvalBuildProviderConfig
2019/03/12 23:21:39 [TRACE] root: eval: *terraform.EvalOpFilter
2019/03/12 23:21:39 [TRACE] root: eval: *terraform.EvalSequence
2019/03/12 23:21:39 [TRACE] root: eval: *terraform.EvalConfigProvider
2019/03/12 23:21:39 [TRACE] [walkImport] Exiting eval tree: provider.xenorchestra
2019/03/12 23:21:39 [TRACE] dag/walk: walking "xenorchestra_vm.testing"
2019/03/12 23:21:39 [TRACE] vertex 'root.xenorchestra_vm.testing': walking
2019/03/12 23:21:39 [TRACE] dag/walk: walking "xenorchestra_vm.testing (import id: 77c6637c-fa3d-0a46-717e-296208c40169)"
2019/03/12 23:21:39 [TRACE] vertex 'root.xenorchestra_vm.testing (import id: 77c6637c-fa3d-0a46-717e-296208c40169)': walking
2019/03/12 23:21:39 [TRACE] vertex 'root.xenorchestra_vm.testing (import id: 77c6637c-fa3d-0a46-717e-296208c40169)': evaluating
2019/03/12 23:21:39 [TRACE] [walkImport] Entering eval tree: xenorchestra_vm.testing (import id: 77c6637c-fa3d-0a46-717e-296208c40169)
2019/03/12 23:21:39 [TRACE] root: eval: *terraform.EvalSequence
2019/03/12 23:21:39 [TRACE] root: eval: *terraform.EvalGetProvider
2019/03/12 23:21:39 [TRACE] root: eval: *terraform.EvalImportState
2019/03/12 23:21:39 [TRACE] [walkImport] Exiting eval tree: xenorchestra_vm.testing (import id: 77c6637c-fa3d-0a46-717e-296208c40169)
2019/03/12 23:21:39 [TRACE] vertex 'root.xenorchestra_vm.testing (import id: 77c6637c-fa3d-0a46-717e-296208c40169)': expanding/walking dynamic subgraph
2019/03/12 23:21:39 [TRACE] dag/walk: added new vertex: "import xenorchestra_vm.testing result: 77c6637c-fa3d-0a46-717e-296208c40169"
2019/03/12 23:21:39 [TRACE] dag/walk: walking "import xenorchestra_vm.testing result: 77c6637c-fa3d-0a46-717e-296208c40169"
2019/03/12 23:21:39 [TRACE] vertex 'root.import xenorchestra_vm.testing result: 77c6637c-fa3d-0a46-717e-296208c40169': walking
2019/03/12 23:21:39 [TRACE] vertex 'root.import xenorchestra_vm.testing result: 77c6637c-fa3d-0a46-717e-296208c40169': evaluating
2019/03/12 23:21:39 [TRACE] [walkImport] Entering eval tree: import xenorchestra_vm.testing result: 77c6637c-fa3d-0a46-717e-296208c40169
2019/03/12 23:21:39 [TRACE] root: eval: *terraform.EvalSequence
2019/03/12 23:21:39 [TRACE] root: eval: *terraform.EvalGetProvider
2019/03/12 23:21:39 [TRACE] root: eval: *terraform.EvalRefresh
2019-03-12T23:21:40.012-0700 [DEBUG] plugin.terraform-provider-xenorchestra: panic: runtime error: invalid memory address or nil pointer dereference
2019-03-12T23:21:40.012-0700 [DEBUG] plugin.terraform-provider-xenorchestra: [signal SIGSEGV: segmentation violation code=0x1 addr=0x98 pc=0x78129c]
2019-03-12T23:21:40.012-0700 [DEBUG] plugin.terraform-provider-xenorchestra: 
2019-03-12T23:21:40.012-0700 [DEBUG] plugin.terraform-provider-xenorchestra: goroutine 54 [running]:
2019-03-12T23:21:40.012-0700 [DEBUG] plugin.terraform-provider-xenorchestra: github.com/powerman/rpc-codec/jsonrpc2.(*clientCodec).WriteRequest(0xc000112120, 0xc000112198, 0x0, 0x0, 0xc0000bf850, 0x40dd68)
2019-03-12T23:21:40.012-0700 [DEBUG] plugin.terraform-provider-xenorchestra: 	/home/ddelnano/go/pkg/mod/github.com/powerman/rpc-codec@v1.0.1/jsonrpc2/client.go:59 +0x6c
2019-03-12T23:21:40.012-0700 [DEBUG] plugin.terraform-provider-xenorchestra: net/rpc.(*Client).send(0xc000112180, 0xc0000a03c0)
2019-03-12T23:21:40.012-0700 [DEBUG] plugin.terraform-provider-xenorchestra: 	/usr/local/go/src/net/rpc/client.go:91 +0x196
2019-03-12T23:21:40.012-0700 [DEBUG] plugin.terraform-provider-xenorchestra: net/rpc.(*Client).Go(0xc000112180, 0xe92907, 0x10, 0x0, 0x0, 0xd020e0, 0xc0000109a0, 0xc00011c840, 0x10)
2019-03-12T23:21:40.012-0700 [DEBUG] plugin.terraform-provider-xenorchestra: 	/usr/local/go/src/net/rpc/client.go:316 +0xcc
2019-03-12T23:21:40.012-0700 [DEBUG] plugin.terraform-provider-xenorchestra: net/rpc.(*Client).Call(...)
2019-03-12T23:21:40.012-0700 [DEBUG] plugin.terraform-provider-xenorchestra: 	/usr/local/go/src/net/rpc/client.go:322
2019-03-12T23:21:40.012-0700 [DEBUG] plugin.terraform-provider-xenorchestra: github.com/ddelnano/terraform-provider-xenorchestra/xoa.resourceVmRead(0xc000196460, 0xde39e0, 0xc0003d8900, 0xc000196460, 0x0)
2019-03-12T23:21:40.012-0700 [DEBUG] plugin.terraform-provider-xenorchestra: 	/home/ddelnano/code/terraform-provider-xenorchestra/xoa/resource_xenorchestra_vm.go:100 +0x139
2019-03-12T23:21:40.012-0700 [DEBUG] plugin.terraform-provider-xenorchestra: github.com/hashicorp/terraform/helper/schema.(*Resource).Refresh(0xc00030ff10, 0xc00013a140, 0xde39e0, 0xc0003d8900, 0xc000235c28, 0x1, 0xc00039fbf8)
2019-03-12T23:21:40.012-0700 [DEBUG] plugin.terraform-provider-xenorchestra: 	/home/ddelnano/go/pkg/mod/github.com/hashicorp/terraform@v0.11.13/helper/schema/resource.go:352 +0x15a
2019-03-12T23:21:40.012-0700 [DEBUG] plugin.terraform-provider-xenorchestra: github.com/hashicorp/terraform/helper/schema.(*Provider).Refresh(0xc00030ff80, 0xc00013a0a0, 0xc00013a140, 0xc00011e480, 0x0, 0x0)
2019-03-12T23:21:40.012-0700 [DEBUG] plugin.terraform-provider-xenorchestra: 	/home/ddelnano/go/pkg/mod/github.com/hashicorp/terraform@v0.11.13/helper/schema/provider.go:308 +0x17f
2019-03-12T23:21:40.012-0700 [DEBUG] plugin.terraform-provider-xenorchestra: github.com/hashicorp/terraform/plugin.(*ResourceProviderServer).Refresh(0xc000341be0, 0xc0003ce1e0, 0xc0003ce5b0, 0x0, 0x0)
2019-03-12T23:21:40.012-0700 [DEBUG] plugin.terraform-provider-xenorchestra: 	/home/ddelnano/go/pkg/mod/github.com/hashicorp/terraform@v0.11.13/plugin/resource_provider.go:549 +0x4e
2019-03-12T23:21:40.012-0700 [DEBUG] plugin.terraform-provider-xenorchestra: reflect.Value.call(0xc000080cc0, 0xc000010670, 0x13, 0xe87839, 0x4, 0xc00039ff18, 0x3, 0x3, 0xc00007fe80, 0x0, ...)
2019-03-12T23:21:40.012-0700 [DEBUG] plugin.terraform-provider-xenorchestra: 	/usr/local/go/src/reflect/value.go:447 +0x461
2019-03-12T23:21:40.012-0700 [DEBUG] plugin.terraform-provider-xenorchestra: reflect.Value.Call(0xc000080cc0, 0xc000010670, 0x13, 0xc000378718, 0x3, 0x3, 0x0, 0x0, 0x0)
2019-03-12T23:21:40.012-0700 [DEBUG] plugin.terraform-provider-xenorchestra: 	/usr/local/go/src/reflect/value.go:308 +0xa4
2019-03-12T23:21:40.012-0700 [DEBUG] plugin.terraform-provider-xenorchestra: net/rpc.(*service).call(0xc00007f900, 0xc0000a0410, 0xc00003a6a0, 0xc00003a6b0, 0xc000102500, 0xc00000f3c0, 0xcf7de0, 0xc0003ce1e0, 0x16, 0xcf7e20, ...)
2019-03-12T23:21:40.013-0700 [DEBUG] plugin.terraform-provider-xenorchestra: 	/usr/local/go/src/net/rpc/server.go:384 +0x14e
2019-03-12T23:21:40.013-0700 [DEBUG] plugin.terraform-provider-xenorchestra: created by net/rpc.(*Server).ServeCodec
2019-03-12T23:21:40.013-0700 [DEBUG] plugin.terraform-provider-xenorchestra: 	/usr/local/go/src/net/rpc/server.go:481 +0x440
2019/03/12 23:21:40 [ERROR] root: eval: *terraform.EvalRefresh, err: xenorchestra_vm.testing: unexpected EOF
2019/03/12 23:21:40 [ERROR] root: eval: *terraform.EvalSequence, err: xenorchestra_vm.testing: unexpected EOF
2019/03/12 23:21:40 [TRACE] [walkImport] Exiting eval tree: import xenorchestra_vm.testing result: 77c6637c-fa3d-0a46-717e-296208c40169
2019-03-12T23:21:40.014-0700 [DEBUG] plugin: plugin process exited: path=/home/ddelnano/code/terraform-provider-xenorchestra/terraform-provider-xenorchestra
2019/03/12 23:21:40 [TRACE] dag/walk: upstream errored, not walking "provider.xenorchestra (close)"
2019/03/12 23:21:40 [DEBUG] plugin: waiting for all plugin processes to complete...
2019-03-12T23:21:40.014-0700 [WARN ] plugin: error closing client during Kill: err="connection is shut down"
